Android/Demo/app/build/intermediates/manifest_merge_blame_file/debug/manifest-merger-blame-debug-report.txt
1<?xml version="1.0" encoding="utf-8"?>
2<manifest xmlns:android="http://schemas.android.com/apk/res/android"
3    package="com.tencent.qcloud.tim.tuikit"
4    android:versionCode="1"
5    android:versionName="5.7.1435" >
6
7    <uses-sdk
7-->src/main/AndroidManifest.xml:6:5-110
8        android:minSdkVersion="19"
8-->src/main/AndroidManifest.xml:6:5-110
9        android:targetSdkVersion="28" />
9-->src/main/AndroidManifest.xml:6:5-110
10
11    <uses-permission android:name="android.permission.INTERNET" />
11-->src/main/AndroidManifest.xml:8:5-67
11-->src/main/AndroidManifest.xml:8:22-64
12    <uses-permission android:name="android.permission.ACCESS_WIFI_STATE" />
12-->src/main/AndroidManifest.xml:9:5-76
12-->src/main/AndroidManifest.xml:9:22-73
13    <uses-permission android:name="android.permission.ACCESS_NETWORK_STATE" />
13-->src/main/AndroidManifest.xml:10:5-79
13-->src/main/AndroidManifest.xml:10:22-76
14    <uses-permission android:name="android.permission.WRITE_EXTERNAL_STORAGE" />
14-->src/main/AndroidManifest.xml:11:5-81
14-->src/main/AndroidManifest.xml:11:22-78
15    <uses-permission android:name="android.permission.CAMERA" />
15-->src/main/AndroidManifest.xml:12:5-65
15-->src/main/AndroidManifest.xml:12:22-62
16    <uses-permission android:name="android.permission.RECORD_AUDIO" />
16-->src/main/AndroidManifest.xml:13:5-71
16-->src/main/AndroidManifest.xml:13:22-68
17    <uses-permission android:name="android.permission.MODIFY_AUDIO_SETTINGS" />
17-->src/main/AndroidManifest.xml:14:5-80
17-->src/main/AndroidManifest.xml:14:22-77
18    <uses-permission android:name="android.permission.READ_PHONE_STATE" />
18-->src/main/AndroidManifest.xml:15:5-75
18-->src/main/AndroidManifest.xml:15:22-72
19    <uses-permission android:name="android.permission.READ_LOGS" />
19-->src/main/AndroidManifest.xml:16:5-68
19-->src/main/AndroidManifest.xml:16:22-65
20    <uses-permission android:name="android.permission.VIBRATE" />
20-->src/main/AndroidManifest.xml:17:5-66
20-->src/main/AndroidManifest.xml:17:22-63
21    <uses-permission android:name="android.permission.REQUEST_INSTALL_PACKAGES" />
21-->src/main/AndroidManifest.xml:18:5-83
21-->src/main/AndroidManifest.xml:18:22-80
22    <uses-permission android:name="android.permission.BLUETOOTH" />
22-->src/main/AndroidManifest.xml:19:5-68
22-->src/main/AndroidManifest.xml:19:22-65
23    <uses-permission android:name="android.permission.SYSTEM_ALERT_WINDOW" />
23-->src/main/AndroidManifest.xml:20:5-78
23-->src/main/AndroidManifest.xml:20:22-75
24
25    <!-- ********OPPO 推送 start******** -->
26    <uses-permission android:name="com.coloros.mcs.permission.RECIEVE_MCS_MESSAGE" />
26-->src/main/AndroidManifest.xml:23:5-85
26-->src/main/AndroidManifest.xml:23:22-83
27    <uses-permission android:name="com.heytap.mcs.permission.RECIEVE_MCS_MESSAGE" />
27-->src/main/AndroidManifest.xml:24:5-84
27-->src/main/AndroidManifest.xml:24:22-82
28    <!-- ********OPPO 推送 end******** -->
29
30    <uses-feature android:name="android.hardware.Camera" />
30-->src/main/AndroidManifest.xml:27:5-59
30-->src/main/AndroidManifest.xml:27:19-57
31    <uses-feature android:name="android.hardware.camera.autofocus" />
31-->src/main/AndroidManifest.xml:28:5-70
31-->src/main/AndroidManifest.xml:28:19-67
32
33    <!-- ********华为推送权限设置******** -->
34    <permission
34-->src/main/AndroidManifest.xml:31:5-33:55
35        android:name="com.tencent.qcloud.tim.tuikit.permission.PROCESS_PUSH_MSG"
35-->src/main/AndroidManifest.xml:32:9-81
36        android:protectionLevel="signatureOrSystem" />
36-->src/main/AndroidManifest.xml:33:9-52
37
38    <uses-permission android:name="com.huawei.android.launcher.permission.CHANGE_BADGE" />
38-->src/main/AndroidManifest.xml:34:5-93
38-->src/main/AndroidManifest.xml:34:22-90
39    <uses-permission android:name="com.tencent.qcloud.tim.tuikit.permission.PROCESS_PUSH_MSG" />
39-->src/main/AndroidManifest.xml:36:5-97
39-->src/main/AndroidManifest.xml:36:22-94
40
41    <!-- ********小米推送权限设置******** -->
42    <permission
42-->src/main/AndroidManifest.xml:39:5-41:47
43        android:name="com.tencent.qcloud.tim.tuikit.permission.MIPUSH_RECEIVE"
43-->src/main/AndroidManifest.xml:40:9-79
44        android:protectionLevel="signature" />
44-->src/main/AndroidManifest.xml:41:9-44
45
46    <uses-permission android:name="com.tencent.qcloud.tim.tuikit.permission.MIPUSH_RECEIVE" />
46-->src/main/AndroidManifest.xml:43:5-95
46-->src/main/AndroidManifest.xml:43:22-92
47
48    <!-- ********魅族推送权限设置******** -->
49    <!-- 兼容flyme5.0以下版本，魅族内部集成pushSDK必填，不然无法收到消息 -->
50    <uses-permission android:name="com.meizu.flyme.push.permission.RECEIVE" />
50-->src/main/AndroidManifest.xml:47:5-79
50-->src/main/AndroidManifest.xml:47:22-76
51
52    <permission
52-->src/main/AndroidManifest.xml:49:5-51:47
53        android:name="com.tencent.qcloud.tim.tuikit.push.permission.MESSAGE"
53-->src/main/AndroidManifest.xml:50:9-77
54        android:protectionLevel="signature" />
54-->src/main/AndroidManifest.xml:51:9-44
55
56    <uses-permission android:name="com.tencent.qcloud.tim.tuikit.push.permission.MESSAGE" />
56-->src/main/AndroidManifest.xml:53:5-93
56-->src/main/AndroidManifest.xml:53:22-90
57
58    <!-- 兼容flyme3.0配置权限 -->
59    <uses-permission android:name="com.meizu.c2dm.permission.RECEIVE" />
59-->src/main/AndroidManifest.xml:56:5-73
59-->src/main/AndroidManifest.xml:56:22-70
60
61    <permission
61-->src/main/AndroidManifest.xml:58:5-60:47
62        android:name="com.tencent.qcloud.tim.tuikit.permission.C2D_MESSAGE"
62-->src/main/AndroidManifest.xml:59:9-76
63        android:protectionLevel="signature" />
63-->src/main/AndroidManifest.xml:60:9-44
64
65    <uses-permission android:name="com.tencent.qcloud.tim.tuikit.permission.C2D_MESSAGE" />
65-->src/main/AndroidManifest.xml:62:5-92
65-->src/main/AndroidManifest.xml:62:22-89
66    <uses-permission android:name="android.permission.READ_EXTERNAL_STORAGE" />
66-->[:tuilive] AndroidManifest.xml:16:5-80
66-->[:tuilive] AndroidManifest.xml:16:22-77
67    <uses-permission android:name="android.permission.WAKE_LOCK" />
67-->[:tuicalling] AndroidManifest.xml:11:5-68
67-->[:tuicalling] AndroidManifest.xml:11:22-65
68
69    <uses-feature android:name="android.hardware.camera" /> <!-- PUSH_PROVIDER and PUSH_WRITE_PROVIDER are both provider registered permissions for the notification switch. -->
69-->[:tuicalling] AndroidManifest.xml:16:5-60
69-->[:tuicalling] AndroidManifest.xml:16:19-57
70    <!-- The SDK's notification bar switch, EMUI 9.x becomes write to the local sp, sharing the file through the provider to the push-rom, which reads the sp file to get the status of the notification bar switch. -->
71    <permission
71-->[com.huawei.hms:push:5.0.2.300] AndroidManifest.xml:14:5-16:55
72        android:name="com.tencent.qcloud.tim.tuikit.permission.PUSH_PROVIDER"
72-->[com.huawei.hms:push:5.0.2.300] AndroidManifest.xml:15:9-65
73        android:protectionLevel="signatureOrSystem" />
73-->[com.huawei.hms:push:5.0.2.300] AndroidManifest.xml:16:9-52
74    <permission
74-->[com.huawei.hms:push:5.0.2.300] AndroidManifest.xml:17:5-19:55
75        android:name="com.tencent.qcloud.tim.tuikit.permission.PUSH_WRITE_PROVIDER"
75-->[com.huawei.hms:push:5.0.2.300] AndroidManifest.xml:18:9-71
76        android:protectionLevel="signatureOrSystem" />
76-->[com.huawei.hms:push:5.0.2.300] AndroidManifest.xml:19:9-52
77
78    <uses-permission android:name="com.tencent.qcloud.tim.tuikit.permission.PUSH_PROVIDER" />
78-->[com.huawei.hms:push:5.0.2.300] AndroidManifest.xml:22:5-81
78-->[com.huawei.hms:push:5.0.2.300] AndroidManifest.xml:22:22-78
79    <uses-permission android:name="android.permission.FOREGROUND_SERVICE" /> <!-- Required by older versions of Google Play services to create IID tokens -->
79-->[com.huawei.hms:push:5.0.2.300] AndroidManifest.xml:23:5-77
79-->[com.huawei.hms:push:5.0.2.300] AndroidManifest.xml:23:22-74
80    <uses-permission android:name="com.google.android.c2dm.permission.RECEIVE" />
80-->[com.google.firebase:firebase-iid:19.0.1] AndroidManifest.xml:26:5-82
80-->[com.google.firebase:firebase-iid:19.0.1] AndroidManifest.xml:26:22-79
81    <uses-permission android:name="com.google.android.finsky.permission.BIND_GET_INSTALL_REFERRER_SERVICE" />
81-->[com.google.android.gms:play-services-measurement:17.0.0] AndroidManifest.xml:26:5-110
81-->[com.google.android.gms:play-services-measurement:17.0.0] AndroidManifest.xml:26:22-107
82    <uses-permission android:name="android.permission.BLUETOOTH_CONNECT" /> <!-- 应用市场9.0版本必须使用该权限获取用户的服务地 -->
82-->[com.tencent.liteav:LiteAVSDK_TRTC:9.2.10641] AndroidManifest.xml:28:5-76
82-->[com.tencent.liteav:LiteAVSDK_TRTC:9.2.10641] AndroidManifest.xml:28:22-73
83    <uses-permission android:name="com.huawei.appmarket.service.commondata.permission.GET_COMMON_DATA" />
83-->[com.huawei.hms:availableupdate:5.0.0.301] AndroidManifest.xml:18:5-106
83-->[com.huawei.hms:availableupdate:5.0.0.301] AndroidManifest.xml:18:22-103
84
85    <application
85-->src/main/AndroidManifest.xml:64:5-298:19
86        android:name="com.tencent.qcloud.tim.demo.DemoApplication"
86-->src/main/AndroidManifest.xml:65:9-67
87        android:allowBackup="false"
87-->src/main/AndroidManifest.xml:66:9-36
88        android:appComponentFactory="androidx.core.app.CoreComponentFactory"
88-->[androidx.core:core:1.5.0] AndroidManifest.xml:24:18-86
89        android:debuggable="true"
90        android:icon="@drawable/ic_launcher"
90-->src/main/AndroidManifest.xml:67:9-45
91        android:label="@string/app_name"
91-->src/main/AndroidManifest.xml:68:9-41
92        android:supportsRtl="true"
92-->src/main/AndroidManifest.xml:69:9-35
93        android:theme="@style/AppTheme"
93-->src/main/AndroidManifest.xml:70:9-40
94        android:usesCleartextTraffic="true" >
94-->[com.tencent.liteav:LiteAVSDK_TRTC:9.2.10641] AndroidManifest.xml:33:9-44
95        <activity
95-->src/main/AndroidManifest.xml:71:9-81:20
96            android:name="com.tencent.qcloud.tim.demo.SplashActivity"
96-->src/main/AndroidManifest.xml:72:13-70
97            android:screenOrientation="portrait"
97-->src/main/AndroidManifest.xml:73:13-49
98            android:theme="@style/SplashTheme" >
98-->src/main/AndroidManifest.xml:74:13-47
99            <intent-filter>
99-->src/main/AndroidManifest.xml:75:13-80:29
100                <action android:name="android.intent.action.VIEW" />
100-->src/main/AndroidManifest.xml:76:17-69
100-->src/main/AndroidManifest.xml:76:25-66
101                <action android:name="android.intent.action.MAIN" />
101-->src/main/AndroidManifest.xml:77:17-69
101-->src/main/AndroidManifest.xml:77:25-66
102
103                <category android:name="android.intent.category.LAUNCHER" />
103-->src/main/AndroidManifest.xml:79:17-77
103-->src/main/AndroidManifest.xml:79:27-74
104            </intent-filter>
105        </activity>
106        <activity
106-->src/main/AndroidManifest.xml:83:9-85:76
107            android:name="com.tencent.qcloud.tim.demo.scenes.LiveRoomAnchorActivity"
107-->src/main/AndroidManifest.xml:83:19-91
108            android:configChanges="orientation|keyboardHidden|screenSize"
108-->src/main/AndroidManifest.xml:85:13-74
109            android:screenOrientation="portrait" />
109-->src/main/AndroidManifest.xml:84:13-49
110        <activity
110-->src/main/AndroidManifest.xml:86:9-89:46
111            android:name="com.tencent.qcloud.tim.demo.scenes.LiveRoomAudienceActivity"
111-->src/main/AndroidManifest.xml:86:19-93
112            android:configChanges="orientation|keyboardHidden|screenSize"
112-->src/main/AndroidManifest.xml:88:13-74
113            android:launchMode="singleTask"
113-->src/main/AndroidManifest.xml:89:13-44
114            android:screenOrientation="portrait" />
114-->src/main/AndroidManifest.xml:87:13-49
115        <activity
115-->src/main/AndroidManifest.xml:91:9-94:52
116            android:name="com.tencent.qcloud.tim.demo.login.LoginForDevActivity"
116-->src/main/AndroidManifest.xml:92:13-81
117            android:launchMode="singleTask"
117-->src/main/AndroidManifest.xml:93:13-44
118            android:screenOrientation="portrait" />
118-->src/main/AndroidManifest.xml:94:13-49
119        <activity
119-->src/main/AndroidManifest.xml:96:9-128:20
120            android:name="com.tencent.qcloud.tim.demo.main.MainActivity"
120-->src/main/AndroidManifest.xml:97:13-73
121            android:launchMode="singleTask"
121-->src/main/AndroidManifest.xml:98:13-44
122            android:screenOrientation="portrait"
122-->src/main/AndroidManifest.xml:99:13-49
123            android:windowSoftInputMode="adjustResize|stateHidden" >
123-->src/main/AndroidManifest.xml:100:13-67
124
125            <!-- 华为离线推送打开应用内页面 -->
126            <!-- 小米离线推送打开应用内页面 -->
127            <!-- VIVO离线推送打开应用内页面 -->
128            <intent-filter>
128-->src/main/AndroidManifest.xml:105:13-111:29
129                <action android:name="android.intent.action.VIEW" />
129-->src/main/AndroidManifest.xml:76:17-69
129-->src/main/AndroidManifest.xml:76:25-66
130
131                <data
131-->src/main/AndroidManifest.xml:107:17-110:51
132                    android:host="com.tencent.qcloud"
132-->src/main/AndroidManifest.xml:108:21-54
133                    android:path="/detail"
133-->src/main/AndroidManifest.xml:109:21-43
134                    android:scheme="pushscheme" />
134-->src/main/AndroidManifest.xml:110:21-48
135            </intent-filter>
136
137            <!-- OPPO离线推送的intent action方式必须配置category且不能有data数据 -->
138            <intent-filter>
138-->src/main/AndroidManifest.xml:114:13-117:29
139                <action android:name="android.intent.action.VIEW" />
139-->src/main/AndroidManifest.xml:76:17-69
139-->src/main/AndroidManifest.xml:76:25-66
140
141                <category android:name="android.intent.category.DEFAULT" />
141-->src/main/AndroidManifest.xml:116:17-76
141-->src/main/AndroidManifest.xml:116:27-73
142            </intent-filter>
143
144            <!-- OPPO离线推送的scheme url方式必须配置action和category -->
145            <intent-filter>
145-->src/main/AndroidManifest.xml:120:13-126:29
146                <action android:name="android.intent.action.VIEW" />
146-->src/main/AndroidManifest.xml:76:17-69
146-->src/main/AndroidManifest.xml:76:25-66
147
148                <category android:name="android.intent.category.DEFAULT" />
148-->src/main/AndroidManifest.xml:116:17-76
148-->src/main/AndroidManifest.xml:116:27-73
149
150                <data
150-->src/main/AndroidManifest.xml:107:17-110:51
151                    android:host="com.tencent.qcloud"
151-->src/main/AndroidManifest.xml:108:21-54
152                    android:scheme="pushscheme" />
152-->src/main/AndroidManifest.xml:110:21-48
153            </intent-filter>
154        </activity>
155        <activity
155-->src/main/AndroidManifest.xml:130:9-132:52
156            android:name="com.tencent.qcloud.tim.demo.profile.WebViewActivity"
156-->src/main/AndroidManifest.xml:131:13-79
157            android:screenOrientation="portrait" />
157-->src/main/AndroidManifest.xml:132:13-49
158
159        <!-- ********小米推送service和receiver设置start******** -->
160        <service
160-->src/main/AndroidManifest.xml:137:9-140:46
161            android:name="com.xiaomi.push.service.XMPushService"
161-->src/main/AndroidManifest.xml:138:13-65
162            android:enabled="true"
162-->src/main/AndroidManifest.xml:139:13-35
163            android:process=":pushservice" />
163-->src/main/AndroidManifest.xml:140:13-43
164        <service
164-->src/main/AndroidManifest.xml:141:9-146:46
165            android:name="com.xiaomi.push.service.XMJobService"
165-->src/main/AndroidManifest.xml:142:13-64
166            android:enabled="true"
166-->src/main/AndroidManifest.xml:143:13-35
167            android:exported="false"
167-->src/main/AndroidManifest.xml:144:13-37
168            android:permission="android.permission.BIND_JOB_SERVICE"
168-->src/main/AndroidManifest.xml:145:13-69
169            android:process=":pushservice" />
169-->src/main/AndroidManifest.xml:146:13-43
170
171        <!-- 注：此service必须在3.0.1版本以后（包括3.0.1版本）加入 -->
172        <service
172-->src/main/AndroidManifest.xml:149:9-152:39
173            android:name="com.xiaomi.mipush.sdk.PushMessageHandler"
173-->src/main/AndroidManifest.xml:150:13-68
174            android:enabled="true"
174-->src/main/AndroidManifest.xml:151:13-35
175            android:exported="true" />
175-->src/main/AndroidManifest.xml:152:13-36
176        <service
176-->src/main/AndroidManifest.xml:153:9-155:38
177            android:name="com.xiaomi.mipush.sdk.MessageHandleService"
177-->src/main/AndroidManifest.xml:154:13-70
178            android:enabled="true" />
178-->src/main/AndroidManifest.xml:155:13-35
179
180        <!-- 注：此service必须在2.2.5版本以后（包括2.2.5版本）加入 -->
181        <receiver
181-->src/main/AndroidManifest.xml:158:9-166:20
182            android:name="com.xiaomi.push.service.receivers.NetworkStatusReceiver"
182-->src/main/AndroidManifest.xml:159:13-83
183            android:exported="true" >
183-->src/main/AndroidManifest.xml:160:13-36
184            <intent-filter>
184-->src/main/AndroidManifest.xml:161:13-165:29
185                <action android:name="android.net.conn.CONNECTIVITY_CHANGE" />
185-->src/main/AndroidManifest.xml:162:17-79
185-->src/main/AndroidManifest.xml:162:25-76
186
187                <category android:name="android.intent.category.DEFAULT" />
187-->src/main/AndroidManifest.xml:116:17-76
187-->src/main/AndroidManifest.xml:116:27-73
188            </intent-filter>
189        </receiver>
190        <receiver
190-->src/main/AndroidManifest.xml:167:9-174:20
191            android:name="com.xiaomi.push.service.receivers.PingReceiver"
191-->src/main/AndroidManifest.xml:168:13-74
192            android:exported="false"
192-->src/main/AndroidManifest.xml:169:13-37
193            android:process=":pushservice" >
193-->src/main/AndroidManifest.xml:170:13-43
194            <intent-filter>
194-->src/main/AndroidManifest.xml:171:13-173:29
195                <action android:name="com.xiaomi.push.PING_TIMER" />
195-->src/main/AndroidManifest.xml:172:17-69
195-->src/main/AndroidManifest.xml:172:25-66
196            </intent-filter>
197        </receiver>
198
199        <!-- 自实现小米推送的接收广播 -->
200        <receiver
200-->src/main/AndroidManifest.xml:177:9-189:20
201            android:name="com.tencent.qcloud.tim.demo.thirdpush.XiaomiMsgReceiver"
201-->src/main/AndroidManifest.xml:178:13-83
202            android:exported="true" >
202-->src/main/AndroidManifest.xml:179:13-36
203            <intent-filter>
203-->src/main/AndroidManifest.xml:180:13-182:29
204                <action android:name="com.xiaomi.mipush.RECEIVE_MESSAGE" />
204-->src/main/AndroidManifest.xml:181:17-76
204-->src/main/AndroidManifest.xml:181:25-73
205            </intent-filter>
206            <intent-filter>
206-->src/main/AndroidManifest.xml:183:13-185:29
207                <action android:name="com.xiaomi.mipush.MESSAGE_ARRIVED" />
207-->src/main/AndroidManifest.xml:184:17-76
207-->src/main/AndroidManifest.xml:184:25-73
208            </intent-filter>
209            <intent-filter>
209-->src/main/AndroidManifest.xml:186:13-188:29
210                <action android:name="com.xiaomi.mipush.ERROR" />
210-->src/main/AndroidManifest.xml:187:17-66
210-->src/main/AndroidManifest.xml:187:25-63
211            </intent-filter>
212        </receiver>
213        <!-- ********小米推送service和receiver设置end******** -->
214
215
216        <!-- ********华为推送设置start******** -->
217        <service
217-->src/main/AndroidManifest.xml:193:9-199:19
218            android:name="com.tencent.qcloud.tim.demo.thirdpush.HUAWEIHmsMessageService"
218-->src/main/AndroidManifest.xml:194:13-89
219            android:exported="false" >
219-->src/main/AndroidManifest.xml:195:13-37
220            <intent-filter>
220-->src/main/AndroidManifest.xml:196:13-198:29
221                <action android:name="com.huawei.push.action.MESSAGING_EVENT" />
221-->src/main/AndroidManifest.xml:197:17-80
221-->src/main/AndroidManifest.xml:197:25-78
222            </intent-filter>
223        </service>
224
225        <meta-data
225-->src/main/AndroidManifest.xml:201:9-203:32
226            android:name="com.huawei.hms.client.appid"
226-->src/main/AndroidManifest.xml:202:13-55
227            android:value="" />
227-->src/main/AndroidManifest.xml:203:13-29
228        <!-- ********华为推送设置end******** -->
229
230
231        <!-- ********魅族推送设置start******** -->
232        <receiver android:name="com.tencent.qcloud.tim.demo.thirdpush.MEIZUPushReceiver" >
232-->src/main/AndroidManifest.xml:207:9-222:20
232-->src/main/AndroidManifest.xml:207:19-89
233            <intent-filter>
233-->src/main/AndroidManifest.xml:208:13-221:29
234
235                <!-- 接收push消息 -->
236                <action android:name="com.meizu.flyme.push.intent.MESSAGE" />
236-->src/main/AndroidManifest.xml:211:17-78
236-->src/main/AndroidManifest.xml:211:25-75
237                <!-- 接收register消息 -->
238                <action android:name="com.meizu.flyme.push.intent.REGISTER.FEEDBACK" />
238-->src/main/AndroidManifest.xml:213:17-88
238-->src/main/AndroidManifest.xml:213:25-85
239                <!-- 接收unregister消息 -->
240                <action android:name="com.meizu.flyme.push.intent.UNREGISTER.FEEDBACK" />
240-->src/main/AndroidManifest.xml:215:17-90
240-->src/main/AndroidManifest.xml:215:25-87
241                <!-- 兼容低版本Flyme3推送服务配置 -->
242                <action android:name="com.meizu.c2dm.intent.REGISTRATION" />
242-->src/main/AndroidManifest.xml:217:17-77
242-->src/main/AndroidManifest.xml:217:25-74
243                <action android:name="com.meizu.c2dm.intent.RECEIVE" />
243-->src/main/AndroidManifest.xml:218:17-72
243-->src/main/AndroidManifest.xml:218:25-69
244
245                <category android:name="com.tencent.qcloud.tim.demo.thirdpush" />
245-->src/main/AndroidManifest.xml:220:17-82
245-->src/main/AndroidManifest.xml:220:27-79
246            </intent-filter>
247        </receiver>
248        <!-- ********魅族推送设置end******** -->
249
250
251        <!-- ********vivo推送设置start******** -->
252        <service
252-->src/main/AndroidManifest.xml:226:9-228:39
253            android:name="com.vivo.push.sdk.service.CommandClientService"
253-->src/main/AndroidManifest.xml:227:13-74
254            android:exported="true" />
254-->src/main/AndroidManifest.xml:228:13-36
255
256        <activity
256-->src/main/AndroidManifest.xml:230:9-234:75
257            android:name="com.vivo.push.sdk.LinkProxyClientActivity"
257-->src/main/AndroidManifest.xml:231:13-69
258            android:exported="false"
258-->src/main/AndroidManifest.xml:232:13-37
259            android:screenOrientation="portrait"
259-->src/main/AndroidManifest.xml:233:13-49
260            android:theme="@android:style/Theme.Translucent.NoTitleBar" />
260-->src/main/AndroidManifest.xml:234:13-72
261
262        <!-- push应用定义消息receiver声明 -->
263        <receiver android:name="com.tencent.qcloud.tim.demo.thirdpush.VIVOPushMessageReceiverImpl" >
263-->src/main/AndroidManifest.xml:237:9-243:20
263-->src/main/AndroidManifest.xml:237:19-99
264            <intent-filter>
264-->src/main/AndroidManifest.xml:238:13-242:29
265
266                <!-- 接收push消息 -->
267                <action android:name="com.vivo.pushclient.action.RECEIVE" />
267-->src/main/AndroidManifest.xml:241:17-77
267-->src/main/AndroidManifest.xml:241:25-74
268            </intent-filter>
269        </receiver>
270
271        <meta-data
271-->src/main/AndroidManifest.xml:245:9-247:32
272            android:name="com.vivo.push.api_key"
272-->src/main/AndroidManifest.xml:246:13-49
273            android:value="" />
273-->src/main/AndroidManifest.xml:247:13-29
274        <meta-data
274-->src/main/AndroidManifest.xml:248:9-250:32
275            android:name="com.vivo.push.app_id"
275-->src/main/AndroidManifest.xml:249:13-48
276            android:value="" />
276-->src/main/AndroidManifest.xml:250:13-29
277        <!-- ********vivo推送设置end******** -->
278
279
280        <!-- ********海外google云消息传递start******** -->
281        <service
281-->src/main/AndroidManifest.xml:254:9-260:19
282            android:name="com.tencent.qcloud.tim.demo.thirdpush.GoogleFCMMsgService"
282-->src/main/AndroidManifest.xml:255:13-85
283            android:exported="false" >
283-->src/main/AndroidManifest.xml:256:13-37
284            <intent-filter>
284-->src/main/AndroidManifest.xml:257:13-259:29
285                <action android:name="com.google.firebase.MESSAGING_EVENT" />
285-->src/main/AndroidManifest.xml:258:17-78
285-->src/main/AndroidManifest.xml:258:25-75
286            </intent-filter>
287        </service>
288        <!-- ********海外google云消息传递end******** -->
289
290
291        <!-- ********OPPO 推送 start******** -->
292        <service
292-->src/main/AndroidManifest.xml:264:9-271:19
293            android:name="com.heytap.msp.push.service.CompatibleDataMessageCallbackService"
293-->src/main/AndroidManifest.xml:265:13-92
294            android:permission="com.coloros.mcs.permission.SEND_MCS_MESSAGE" >
294-->src/main/AndroidManifest.xml:267:13-77
295            <intent-filter>
295-->src/main/AndroidManifest.xml:268:13-270:29
296                <action android:name="com.coloros.mcs.action.RECEIVE_MCS_MESSAGE" />
296-->src/main/AndroidManifest.xml:269:17-84
296-->src/main/AndroidManifest.xml:269:25-82
297            </intent-filter>
298        </service> <!-- 兼容Q以下版本 -->
299
300        <service
300-->src/main/AndroidManifest.xml:273:9-283:19
301            android:name="com.heytap.msp.push.service.DataMessageCallbackService"
301-->src/main/AndroidManifest.xml:274:13-82
302            android:permission="com.heytap.mcs.permission.SEND_PUSH_MESSAGE" >
302-->src/main/AndroidManifest.xml:276:13-77
303            <intent-filter>
303-->src/main/AndroidManifest.xml:278:13-282:29
304                <action android:name="com.heytap.mcs.action.RECEIVE_MCS_MESSAGE" />
304-->src/main/AndroidManifest.xml:279:17-83
304-->src/main/AndroidManifest.xml:279:25-81
305                <action android:name="com.heytap.msp.push.RECEIVE_MCS_MESSAGE" />
305-->src/main/AndroidManifest.xml:281:17-81
305-->src/main/AndroidManifest.xml:281:25-79
306            </intent-filter>
307        </service> <!-- 兼容Q版本 -->
308        <!-- ********OPPO 推送 end******** -->
309
310        <receiver
310-->src/main/AndroidManifest.xml:286:9-293:20
311            android:name="com.tencent.qcloud.tim.demo.LanguageReceiver"
311-->src/main/AndroidManifest.xml:287:13-45
312            android:enabled="true"
312-->src/main/AndroidManifest.xml:288:13-35
313            android:exported="false" >
313-->src/main/AndroidManifest.xml:289:13-37
314            <intent-filter android:priority="1000" >
314-->src/main/AndroidManifest.xml:290:13-292:29
314-->src/main/AndroidManifest.xml:290:28-51
315                <action android:name="android.intent.action.LOCALE_CHANGED" />
315-->src/main/AndroidManifest.xml:291:17-78
315-->src/main/AndroidManifest.xml:291:25-76
316            </intent-filter>
317        </receiver>
318
319        <activity
319-->src/main/AndroidManifest.xml:295:9-297:52
320            android:name="com.tencent.qcloud.tim.demo.profile.SelectionActivity"
320-->src/main/AndroidManifest.xml:296:13-54
321            android:screenOrientation="portrait" />
321-->src/main/AndroidManifest.xml:297:13-49
322        <activity
322-->[:tuilive] AndroidManifest.xml:20:9-29:20
323            android:name="com.tencent.qcloud.tim.uikit.live.modules.liveroom.ui.DefaultGroupLiveAnchorActivity"
323-->[:tuilive] AndroidManifest.xml:21:13-112
324            android:configChanges="orientation|keyboardHidden|screenSize"
324-->[:tuilive] AndroidManifest.xml:22:13-74
325            android:screenOrientation="portrait" >
325-->[:tuilive] AndroidManifest.xml:23:13-49
326            <intent-filter>
326-->[:tuilive] AndroidManifest.xml:24:13-28:29
327                <action android:name="com.tencent.qcloud.tim.tuikit.live.grouplive.anchor" />
327-->[:tuilive] AndroidManifest.xml:25:17-94
327-->[:tuilive] AndroidManifest.xml:25:25-91
328
329                <category android:name="android.intent.category.DEFAULT" />
329-->src/main/AndroidManifest.xml:116:17-76
329-->src/main/AndroidManifest.xml:116:27-73
330            </intent-filter>
331        </activity>
332        <activity
332-->[:tuilive] AndroidManifest.xml:30:9-39:20
333            android:name="com.tencent.qcloud.tim.uikit.live.modules.liveroom.ui.DefaultGroupLiveAudienceActivity"
333-->[:tuilive] AndroidManifest.xml:31:13-114
334            android:configChanges="orientation|keyboardHidden|screenSize"
334-->[:tuilive] AndroidManifest.xml:32:13-74
335            android:screenOrientation="portrait" >
335-->[:tuilive] AndroidManifest.xml:33:13-49
336            <intent-filter>
336-->[:tuilive] AndroidManifest.xml:34:13-38:29
337                <action android:name="com.tencent.qcloud.tim.tuikit.live.grouplive.audience" />
337-->[:tuilive] AndroidManifest.xml:35:17-96
337-->[:tuilive] AndroidManifest.xml:35:25-93
338
339                <category android:name="android.intent.category.DEFAULT" />
339-->src/main/AndroidManifest.xml:116:17-76
339-->src/main/AndroidManifest.xml:116:27-73
340            </intent-filter>
341        </activity>
342
343        <provider
343-->[:tuilive] AndroidManifest.xml:41:9-45:40
344            android:name="com.tencent.qcloud.tim.uikit.live.TUILiveService"
344-->[:tuilive] AndroidManifest.xml:42:13-76
345            android:authorities="com.tencent.qcloud.tim.tuikit.TUILive.Init"
345-->[:tuilive] AndroidManifest.xml:43:13-64
346            android:enabled="true"
346-->[:tuilive] AndroidManifest.xml:44:13-35
347            android:exported="false" />
347-->[:tuilive] AndroidManifest.xml:45:13-37
348
349        <activity
349-->[:tuiconversation] AndroidManifest.xml:12:9-14:52
350            android:name="com.tencent.qcloud.tuikit.tuiconversation.ui.page.TUIForwardSelectActivity"